Analysis & Synthesis report for Toplevel_C5G_GPIO
Thu Dec 21 16:59:29 2017
Quartus Prime Version 17.0.0 Build 595 04/25/2017 SJ Lite Edition


---------------------
; Table of Contents ;
---------------------
  1. Legal Notice
  2. Analysis & Synthesis Summary
  3. Analysis & Synthesis Settings
  4. Parallel Compilation
  5. Analysis & Synthesis Source Files Read
  6. Analysis & Synthesis Resource Usage Summary
  7. Analysis & Synthesis Resource Utilization by Entity
  8. State Machine - |Toplevel_C5G_GPIO|washing_machine:u1_washing_machine|state
  9. Registers Removed During Synthesis
 10. General Register Statistics
 11. Multiplexer Restructuring Statistics (Restructuring Performed)
 12. Post-Synthesis Netlist Statistics for Top Partition
 13. Elapsed Time Per Partition
 14. Analysis & Synthesis Messages
 15. Analysis & Synthesis Suppressed Messages



----------------
; Legal Notice ;
----------------
Copyright (C) 2017  Intel Corporation. All rights reserved.
Your use of Intel Corporation's design tools, logic functions 
and other software and tools, and its AMPP partner logic 
functions, and any output files from any of the foregoing 
(including device programming or simulation files), and any 
associated documentation or information are expressly subject 
to the terms and conditions of the Intel Program License 
Subscription Agreement, the Intel Quartus Prime License Agreement,
the Intel MegaCore Function License Agreement, or other 
applicable license agreement, including, without limitation, 
that your use is for the sole purpose of programming logic 
devices manufactured by Intel and sold by Intel or its 
authorized distributors.  Please refer to the applicable 
agreement for further details.



+-------------------------------------------------------------------------------+
; Analysis & Synthesis Summary                                                  ;
+---------------------------------+---------------------------------------------+
; Analysis & Synthesis Status     ; Successful - Thu Dec 21 16:59:29 2017       ;
; Quartus Prime Version           ; 17.0.0 Build 595 04/25/2017 SJ Lite Edition ;
; Revision Name                   ; Toplevel_C5G_GPIO                           ;
; Top-level Entity Name           ; Toplevel_C5G_GPIO                           ;
; Family                          ; Cyclone V                                   ;
; Logic utilization (in ALMs)     ; N/A                                         ;
; Total registers                 ; 6                                           ;
; Total pins                      ; 88                                          ;
; Total virtual pins              ; 0                                           ;
; Total block memory bits         ; 0                                           ;
; Total DSP Blocks                ; 0                                           ;
; Total HSSI RX PCSs              ; 0                                           ;
; Total HSSI PMA RX Deserializers ; 0                                           ;
; Total HSSI TX PCSs              ; 0                                           ;
; Total HSSI PMA TX Serializers   ; 0                                           ;
; Total PLLs                      ; 0                                           ;
; Total DLLs                      ; 0                                           ;
+---------------------------------+---------------------------------------------+


+---------------------------------------------------------------------------------------------------------------------------+
; Analysis & Synthesis Settings                                                                                             ;
+---------------------------------------------------------------------------------+--------------------+--------------------+
; Option                                                                          ; Setting            ; Default Value      ;
+---------------------------------------------------------------------------------+--------------------+--------------------+
; Device                                                                          ; 5CGXFC5C6F27C7     ;                    ;
; Top-level entity name                                                           ; Toplevel_C5G_GPIO  ; Toplevel_C5G_GPIO  ;
; Family name                                                                     ; Cyclone V          ; Cyclone V          ;
; Use smart compilation                                                           ; Off                ; Off                ;
; Enable parallel Assembler and TimeQuest Timing Analyzer during compilation      ; On                 ; On                 ;
; Enable compact report table                                                     ; Off                ; Off                ;
; Restructure Multiplexers                                                        ; Auto               ; Auto               ;
; MLAB Add Timing Constraints For Mixed-Port Feed-Through Mode Setting Don't Care ; Off                ; Off                ;
; Create Debugging Nodes for IP Cores                                             ; Off                ; Off                ;
; Preserve fewer node names                                                       ; On                 ; On                 ;
; OpenCore Plus hardware evaluation                                               ; Enable             ; Enable             ;
; Verilog Version                                                                 ; Verilog_2001       ; Verilog_2001       ;
; VHDL Version                                                                    ; VHDL_1993          ; VHDL_1993          ;
; State Machine Processing                                                        ; Auto               ; Auto               ;
; Safe State Machine                                                              ; Off                ; Off                ;
; Extract Verilog State Machines                                                  ; On                 ; On                 ;
; Extract VHDL State Machines                                                     ; On                 ; On                 ;
; Ignore Verilog initial constructs                                               ; Off                ; Off                ;
; Iteration limit for constant Verilog loops                                      ; 5000               ; 5000               ;
; Iteration limit for non-constant Verilog loops                                  ; 250                ; 250                ;
; Add Pass-Through Logic to Inferred RAMs                                         ; On                 ; On                 ;
; Infer RAMs from Raw Logic                                                       ; On                 ; On                 ;
; Parallel Synthesis                                                              ; On                 ; On                 ;
; DSP Block Balancing                                                             ; Auto               ; Auto               ;
; NOT Gate Push-Back                                                              ; On                 ; On                 ;
; Power-Up Don't Care                                                             ; On                 ; On                 ;
; Remove Redundant Logic Cells                                                    ; Off                ; Off                ;
; Remove Duplicate Registers                                                      ; On                 ; On                 ;
; Ignore CARRY Buffers                                                            ; Off                ; Off                ;
; Ignore CASCADE Buffers                                                          ; Off                ; Off                ;
; Ignore GLOBAL Buffers                                                           ; Off                ; Off                ;
; Ignore ROW GLOBAL Buffers                                                       ; Off                ; Off                ;
; Ignore LCELL Buffers                                                            ; Off                ; Off                ;
; Ignore SOFT Buffers                                                             ; On                 ; On                 ;
; Limit AHDL Integers to 32 Bits                                                  ; Off                ; Off                ;
; Optimization Technique                                                          ; Balanced           ; Balanced           ;
; Carry Chain Length                                                              ; 70                 ; 70                 ;
; Auto Carry Chains                                                               ; On                 ; On                 ;
; Auto Open-Drain Pins                                                            ; On                 ; On                 ;
; Perform WYSIWYG Primitive Resynthesis                                           ; Off                ; Off                ;
; Auto ROM Replacement                                                            ; On                 ; On                 ;
; Auto RAM Replacement                                                            ; On                 ; On                 ;
; Auto DSP Block Replacement                                                      ; On                 ; On                 ;
; Auto Shift Register Replacement                                                 ; Auto               ; Auto               ;
; Allow Shift Register Merging across Hierarchies                                 ; Auto               ; Auto               ;
; Auto Clock Enable Replacement                                                   ; On                 ; On                 ;
; Strict RAM Replacement                                                          ; Off                ; Off                ;
; Allow Synchronous Control Signals                                               ; On                 ; On                 ;
; Force Use of Synchronous Clear Signals                                          ; Off                ; Off                ;
; Auto Resource Sharing                                                           ; Off                ; Off                ;
; Allow Any RAM Size For Recognition                                              ; Off                ; Off                ;
; Allow Any ROM Size For Recognition                                              ; Off                ; Off                ;
; Allow Any Shift Register Size For Recognition                                   ; Off                ; Off                ;
; Use LogicLock Constraints during Resource Balancing                             ; On                 ; On                 ;
; Ignore translate_off and synthesis_off directives                               ; Off                ; Off                ;
; Timing-Driven Synthesis                                                         ; On                 ; On                 ;
; Report Parameter Settings                                                       ; On                 ; On                 ;
; Report Source Assignments                                                       ; On                 ; On                 ;
; Report Connectivity Checks                                                      ; On                 ; On                 ;
; Ignore Maximum Fan-Out Assignments                                              ; Off                ; Off                ;
; Synchronization Register Chain Length                                           ; 3                  ; 3                  ;
; PowerPlay Power Optimization During Synthesis                                   ; Normal compilation ; Normal compilation ;
; HDL message level                                                               ; Level2             ; Level2             ;
; Suppress Register Optimization Related Messages                                 ; Off                ; Off                ;
; Number of Removed Registers Reported in Synthesis Report                        ; 5000               ; 5000               ;
; Number of Swept Nodes Reported in Synthesis Report                              ; 5000               ; 5000               ;
; Number of Inverted Registers Reported in Synthesis Report                       ; 100                ; 100                ;
; Clock MUX Protection                                                            ; On                 ; On                 ;
; Auto Gated Clock Conversion                                                     ; Off                ; Off                ;
; Block Design Naming                                                             ; Auto               ; Auto               ;
; SDC constraint protection                                                       ; Off                ; Off                ;
; Synthesis Effort                                                                ; Auto               ; Auto               ;
; Shift Register Replacement - Allow Asynchronous Clear Signal                    ; On                 ; On                 ;
; Pre-Mapping Resynthesis Optimization                                            ; Off                ; Off                ;
; Analysis & Synthesis Message Level                                              ; Medium             ; Medium             ;
; Disable Register Merging Across Hierarchies                                     ; Auto               ; Auto               ;
; Resource Aware Inference For Block RAM                                          ; On                 ; On                 ;
; Automatic Parallel Synthesis                                                    ; On                 ; On                 ;
; Partial Reconfiguration Bitstream ID                                            ; Off                ; Off                ;
+---------------------------------------------------------------------------------+--------------------+--------------------+


+------------------------------------------+
; Parallel Compilation                     ;
+----------------------------+-------------+
; Processors                 ; Number      ;
+----------------------------+-------------+
; Number detected on machine ; 8           ;
; Maximum allowed            ; 4           ;
;                            ;             ;
; Average used               ; 1.00        ;
; Maximum used               ; 4           ;
;                            ;             ;
; Usage by Processor         ; % Time Used ;
;     Processor 1            ; 100.0%      ;
;     Processors 2-4         ;   0.0%      ;
+----------------------------+-------------+


+------------------------------------------------------------------------------------------------------------------------------------------------------------------------+
; Analysis & Synthesis Source Files Read                                                                                                                                 ;
+----------------------------------+-----------------+------------------------------+--------------------------------------------------------------------------+---------+
; File Name with User-Entered Path ; Used in Netlist ; File Type                    ; File Name with Absolute Path                                             ; Library ;
+----------------------------------+-----------------+------------------------------+--------------------------------------------------------------------------+---------+
; ../../src/washing_machine.sv     ; yes             ; User SystemVerilog HDL File  ; C:/workspace/waching_machine/src/washing_machine.sv                      ;         ;
; Toplevel_C5G_GPIO.sv             ; yes             ; User SystemVerilog HDL File  ; C:/workspace/waching_machine/fpga/Toplevel_C5G_GPIO/Toplevel_C5G_GPIO.sv ;         ;
+----------------------------------+-----------------+------------------------------+--------------------------------------------------------------------------+---------+


+-----------------------------------------------------------+
; Analysis & Synthesis Resource Usage Summary               ;
+---------------------------------------------+-------------+
; Resource                                    ; Usage       ;
+---------------------------------------------+-------------+
; Estimate of Logic utilization (ALMs needed) ; 7           ;
;                                             ;             ;
; Combinational ALUT usage for logic          ; 11          ;
;     -- 7 input functions                    ; 0           ;
;     -- 6 input functions                    ; 3           ;
;     -- 5 input functions                    ; 2           ;
;     -- 4 input functions                    ; 6           ;
;     -- <=3 input functions                  ; 0           ;
;                                             ;             ;
; Dedicated logic registers                   ; 6           ;
;                                             ;             ;
; I/O pins                                    ; 88          ;
;                                             ;             ;
; Total DSP Blocks                            ; 0           ;
;                                             ;             ;
; Maximum fan-out node                        ; SW[1]~input ;
; Maximum fan-out                             ; 7           ;
; Total fan-out                               ; 200         ;
; Average fan-out                             ; 0.87        ;
+---------------------------------------------+-------------+


+---------------------------------------------------------------------------------------------------------------------------------------------------------------------------------------------------------------------------------------------+
; Analysis & Synthesis Resource Utilization by Entity                                                                                                                                                                                         ;
+-----------------------------------------+---------------------+---------------------------+-------------------+------------+------+--------------+-------------------------------------------------------+-------------------+--------------+
; Compilation Hierarchy Node              ; Combinational ALUTs ; Dedicated Logic Registers ; Block Memory Bits ; DSP Blocks ; Pins ; Virtual Pins ; Full Hierarchy Name                                   ; Entity Name       ; Library Name ;
+-----------------------------------------+---------------------+---------------------------+-------------------+------------+------+--------------+-------------------------------------------------------+-------------------+--------------+
; |Toplevel_C5G_GPIO                      ; 11 (0)              ; 6 (0)                     ; 0                 ; 0          ; 88   ; 0            ; |Toplevel_C5G_GPIO                                    ; Toplevel_C5G_GPIO ; work         ;
;    |washing_machine:u1_washing_machine| ; 11 (11)             ; 6 (6)                     ; 0                 ; 0          ; 0    ; 0            ; |Toplevel_C5G_GPIO|washing_machine:u1_washing_machine ; washing_machine   ; work         ;
+-----------------------------------------+---------------------+---------------------------+-------------------+------------+------+--------------+-------------------------------------------------------+-------------------+--------------+
Note: For table entries with two numbers listed, the numbers in parentheses indicate the number of resources of the given type used by the specific entity alone. The numbers listed outside of parentheses indicate the total resources of the given type used by the specific entity and all of its sub-entities in the hierarchy.


Encoding Type:  One-Hot
+-----------------------------------------------------------------------------------------+
; State Machine - |Toplevel_C5G_GPIO|washing_machine:u1_washing_machine|state             ;
+------------+------------+------------+------------+------------+-----------+------------+
; Name       ; state.PUMP ; state.SPIN ; state.WASH ; state.WARM ; state.H2O ; state.IDLE ;
+------------+------------+------------+------------+------------+-----------+------------+
; state.IDLE ; 0          ; 0          ; 0          ; 0          ; 0         ; 0          ;
; state.H2O  ; 0          ; 0          ; 0          ; 0          ; 1         ; 1          ;
; state.WARM ; 0          ; 0          ; 0          ; 1          ; 0         ; 1          ;
; state.WASH ; 0          ; 0          ; 1          ; 0          ; 0         ; 1          ;
; state.SPIN ; 0          ; 1          ; 0          ; 0          ; 0         ; 1          ;
; state.PUMP ; 1          ; 0          ; 0          ; 0          ; 0         ; 1          ;
+------------+------------+------------+------------+------------+-----------+------------+


+-----------------------------------------------------------------+
; Registers Removed During Synthesis                              ;
+--------------------------------------------+--------------------+
; Register name                              ; Reason for Removal ;
+--------------------------------------------+--------------------+
; washing_machine:u1_washing_machine|state~4 ; Lost fanout        ;
; washing_machine:u1_washing_machine|state~5 ; Lost fanout        ;
; washing_machine:u1_washing_machine|state~6 ; Lost fanout        ;
; Total Number of Removed Registers = 3      ;                    ;
+--------------------------------------------+--------------------+


+------------------------------------------------------+
; General Register Statistics                          ;
+----------------------------------------------+-------+
; Statistic                                    ; Value ;
+----------------------------------------------+-------+
; Total registers                              ; 6     ;
; Number of registers using Synchronous Clear  ; 0     ;
; Number of registers using Synchronous Load   ; 0     ;
; Number of registers using Asynchronous Clear ; 6     ;
; Number of registers using Asynchronous Load  ; 0     ;
; Number of registers using Clock Enable       ; 0     ;
; Number of registers using Preset             ; 0     ;
+----------------------------------------------+-------+


+-------------------------------------------------------------------------------------------------------------------------------------------------------------------------------+
; Multiplexer Restructuring Statistics (Restructuring Performed)                                                                                                                ;
+--------------------+-----------+---------------+----------------------+------------------------+------------+-----------------------------------------------------------------+
; Multiplexer Inputs ; Bus Width ; Baseline Area ; Area if Restructured ; Saving if Restructured ; Registered ; Example Multiplexer Output                                      ;
+--------------------+-----------+---------------+----------------------+------------------------+------------+-----------------------------------------------------------------+
; 12:1               ; 6 bits    ; 48 LEs        ; 24 LEs               ; 24 LEs                 ; No         ; |Toplevel_C5G_GPIO|washing_machine:u1_washing_machine|Selector0 ;
+--------------------+-----------+---------------+----------------------+------------------------+------------+-----------------------------------------------------------------+


+-----------------------------------------------------+
; Post-Synthesis Netlist Statistics for Top Partition ;
+-----------------------+-----------------------------+
; Type                  ; Count                       ;
+-----------------------+-----------------------------+
; arriav_ff             ; 6                           ;
;     CLR               ; 6                           ;
; arriav_io_obuf        ; 36                          ;
; arriav_lcell_comb     ; 12                          ;
;     normal            ; 12                          ;
;         0 data inputs ; 1                           ;
;         4 data inputs ; 6                           ;
;         5 data inputs ; 2                           ;
;         6 data inputs ; 3                           ;
; boundary_port         ; 88                          ;
;                       ;                             ;
; Max LUT depth         ; 2.00                        ;
; Average LUT depth     ; 0.69                        ;
+-----------------------+-----------------------------+


+-------------------------------+
; Elapsed Time Per Partition    ;
+----------------+--------------+
; Partition Name ; Elapsed Time ;
+----------------+--------------+
; Top            ; 00:00:00     ;
+----------------+--------------+


+-------------------------------+
; Analysis & Synthesis Messages ;
+-------------------------------+
Info: *******************************************************************
Info: Running Quartus Prime Analysis & Synthesis
    Info: Version 17.0.0 Build 595 04/25/2017 SJ Lite Edition
    Info: Processing started: Thu Dec 21 16:59:20 2017
Info: Command: quartus_map --read_settings_files=on --write_settings_files=off Toplevel_C5G_GPIO -c Toplevel_C5G_GPIO
Warning (18236): Number of processors has not been specified which may cause overloading on shared machines.  Set the global assignment NUM_PARALLEL_PROCESSORS in your QSF to an appropriate value for best performance.
Info (20030): Parallel compilation is enabled and will use 4 of the 4 processors detected
Info (12021): Found 1 design units, including 1 entities, in source file /workspace/waching_machine/src/washing_machine.sv
    Info (12023): Found entity 1: washing_machine File: C:/workspace/waching_machine/src/washing_machine.sv Line: 7
Info (12021): Found 1 design units, including 1 entities, in source file toplevel_c5g_gpio.sv
    Info (12023): Found entity 1: Toplevel_C5G_GPIO File: C:/workspace/waching_machine/fpga/Toplevel_C5G_GPIO/Toplevel_C5G_GPIO.sv Line: 6
Info (12127): Elaborating entity "Toplevel_C5G_GPIO" for the top level hierarchy
Warning (10034): Output port "LEDG" at Toplevel_C5G_GPIO.sv(16) has no driver File: C:/workspace/waching_machine/fpga/Toplevel_C5G_GPIO/Toplevel_C5G_GPIO.sv Line: 16
Warning (10034): Output port "LEDR[9..6]" at Toplevel_C5G_GPIO.sv(17) has no driver File: C:/workspace/waching_machine/fpga/Toplevel_C5G_GPIO/Toplevel_C5G_GPIO.sv Line: 17
Warning (10034): Output port "HEX0" at Toplevel_C5G_GPIO.sv(27) has no driver File: C:/workspace/waching_machine/fpga/Toplevel_C5G_GPIO/Toplevel_C5G_GPIO.sv Line: 27
Warning (10034): Output port "HEX1" at Toplevel_C5G_GPIO.sv(28) has no driver File: C:/workspace/waching_machine/fpga/Toplevel_C5G_GPIO/Toplevel_C5G_GPIO.sv Line: 28
Info (12128): Elaborating entity "washing_machine" for hierarchy "washing_machine:u1_washing_machine" File: C:/workspace/waching_machine/fpga/Toplevel_C5G_GPIO/Toplevel_C5G_GPIO.sv Line: 63
Warning (13039): The following bidirectional pins have no drivers
    Warning (13040): bidirectional pin "GPIO[0]" has no driver File: C:/workspace/waching_machine/fpga/Toplevel_C5G_GPIO/Toplevel_C5G_GPIO.sv Line: 32
    Warning (13040): bidirectional pin "GPIO[1]" has no driver File: C:/workspace/waching_machine/fpga/Toplevel_C5G_GPIO/Toplevel_C5G_GPIO.sv Line: 32
    Warning (13040): bidirectional pin "GPIO[2]" has no driver File: C:/workspace/waching_machine/fpga/Toplevel_C5G_GPIO/Toplevel_C5G_GPIO.sv Line: 32
    Warning (13040): bidirectional pin "GPIO[3]" has no driver File: C:/workspace/waching_machine/fpga/Toplevel_C5G_GPIO/Toplevel_C5G_GPIO.sv Line: 32
    Warning (13040): bidirectional pin "GPIO[4]" has no driver File: C:/workspace/waching_machine/fpga/Toplevel_C5G_GPIO/Toplevel_C5G_GPIO.sv Line: 32
    Warning (13040): bidirectional pin "GPIO[5]" has no driver File: C:/workspace/waching_machine/fpga/Toplevel_C5G_GPIO/Toplevel_C5G_GPIO.sv Line: 32
    Warning (13040): bidirectional pin "GPIO[6]" has no driver File: C:/workspace/waching_machine/fpga/Toplevel_C5G_GPIO/Toplevel_C5G_GPIO.sv Line: 32
    Warning (13040): bidirectional pin "GPIO[7]" has no driver File: C:/workspace/waching_machine/fpga/Toplevel_C5G_GPIO/Toplevel_C5G_GPIO.sv Line: 32
    Warning (13040): bidirectional pin "GPIO[8]" has no driver File: C:/workspace/waching_machine/fpga/Toplevel_C5G_GPIO/Toplevel_C5G_GPIO.sv Line: 32
    Warning (13040): bidirectional pin "GPIO[9]" has no driver File: C:/workspace/waching_machine/fpga/Toplevel_C5G_GPIO/Toplevel_C5G_GPIO.sv Line: 32
    Warning (13040): bidirectional pin "GPIO[10]" has no driver File: C:/workspace/waching_machine/fpga/Toplevel_C5G_GPIO/Toplevel_C5G_GPIO.sv Line: 32
    Warning (13040): bidirectional pin "GPIO[11]" has no driver File: C:/workspace/waching_machine/fpga/Toplevel_C5G_GPIO/Toplevel_C5G_GPIO.sv Line: 32
    Warning (13040): bidirectional pin "GPIO[12]" has no driver File: C:/workspace/waching_machine/fpga/Toplevel_C5G_GPIO/Toplevel_C5G_GPIO.sv Line: 32
    Warning (13040): bidirectional pin "GPIO[13]" has no driver File: C:/workspace/waching_machine/fpga/Toplevel_C5G_GPIO/Toplevel_C5G_GPIO.sv Line: 32
    Warning (13040): bidirectional pin "GPIO[14]" has no driver File: C:/workspace/waching_machine/fpga/Toplevel_C5G_GPIO/Toplevel_C5G_GPIO.sv Line: 32
    Warning (13040): bidirectional pin "GPIO[15]" has no driver File: C:/workspace/waching_machine/fpga/Toplevel_C5G_GPIO/Toplevel_C5G_GPIO.sv Line: 32
    Warning (13040): bidirectional pin "GPIO[16]" has no driver File: C:/workspace/waching_machine/fpga/Toplevel_C5G_GPIO/Toplevel_C5G_GPIO.sv Line: 32
    Warning (13040): bidirectional pin "GPIO[17]" has no driver File: C:/workspace/waching_machine/fpga/Toplevel_C5G_GPIO/Toplevel_C5G_GPIO.sv Line: 32
    Warning (13040): bidirectional pin "GPIO[18]" has no driver File: C:/workspace/waching_machine/fpga/Toplevel_C5G_GPIO/Toplevel_C5G_GPIO.sv Line: 32
    Warning (13040): bidirectional pin "GPIO[19]" has no driver File: C:/workspace/waching_machine/fpga/Toplevel_C5G_GPIO/Toplevel_C5G_GPIO.sv Line: 32
    Warning (13040): bidirectional pin "GPIO[20]" has no driver File: C:/workspace/waching_machine/fpga/Toplevel_C5G_GPIO/Toplevel_C5G_GPIO.sv Line: 32
    Warning (13040): bidirectional pin "GPIO[21]" has no driver File: C:/workspace/waching_machine/fpga/Toplevel_C5G_GPIO/Toplevel_C5G_GPIO.sv Line: 32
    Warning (13040): bidirectional pin "GPIO[22]" has no driver File: C:/workspace/waching_machine/fpga/Toplevel_C5G_GPIO/Toplevel_C5G_GPIO.sv Line: 32
    Warning (13040): bidirectional pin "GPIO[23]" has no driver File: C:/workspace/waching_machine/fpga/Toplevel_C5G_GPIO/Toplevel_C5G_GPIO.sv Line: 32
    Warning (13040): bidirectional pin "GPIO[24]" has no driver File: C:/workspace/waching_machine/fpga/Toplevel_C5G_GPIO/Toplevel_C5G_GPIO.sv Line: 32
    Warning (13040): bidirectional pin "GPIO[25]" has no driver File: C:/workspace/waching_machine/fpga/Toplevel_C5G_GPIO/Toplevel_C5G_GPIO.sv Line: 32
    Warning (13040): bidirectional pin "GPIO[26]" has no driver File: C:/workspace/waching_machine/fpga/Toplevel_C5G_GPIO/Toplevel_C5G_GPIO.sv Line: 32
    Warning (13040): bidirectional pin "GPIO[27]" has no driver File: C:/workspace/waching_machine/fpga/Toplevel_C5G_GPIO/Toplevel_C5G_GPIO.sv Line: 32
    Warning (13040): bidirectional pin "GPIO[28]" has no driver File: C:/workspace/waching_machine/fpga/Toplevel_C5G_GPIO/Toplevel_C5G_GPIO.sv Line: 32
    Warning (13040): bidirectional pin "GPIO[29]" has no driver File: C:/workspace/waching_machine/fpga/Toplevel_C5G_GPIO/Toplevel_C5G_GPIO.sv Line: 32
    Warning (13040): bidirectional pin "GPIO[30]" has no driver File: C:/workspace/waching_machine/fpga/Toplevel_C5G_GPIO/Toplevel_C5G_GPIO.sv Line: 32
    Warning (13040): bidirectional pin "GPIO[31]" has no driver File: C:/workspace/waching_machine/fpga/Toplevel_C5G_GPIO/Toplevel_C5G_GPIO.sv Line: 32
    Warning (13040): bidirectional pin "GPIO[32]" has no driver File: C:/workspace/waching_machine/fpga/Toplevel_C5G_GPIO/Toplevel_C5G_GPIO.sv Line: 32
    Warning (13040): bidirectional pin "GPIO[33]" has no driver File: C:/workspace/waching_machine/fpga/Toplevel_C5G_GPIO/Toplevel_C5G_GPIO.sv Line: 32
    Warning (13040): bidirectional pin "GPIO[34]" has no driver File: C:/workspace/waching_machine/fpga/Toplevel_C5G_GPIO/Toplevel_C5G_GPIO.sv Line: 32
    Warning (13040): bidirectional pin "GPIO[35]" has no driver File: C:/workspace/waching_machine/fpga/Toplevel_C5G_GPIO/Toplevel_C5G_GPIO.sv Line: 32
Warning (13024): Output pins are stuck at VCC or GND
    Warning (13410): Pin "LEDG[0]" is stuck at GND File: C:/workspace/waching_machine/fpga/Toplevel_C5G_GPIO/Toplevel_C5G_GPIO.sv Line: 16
    Warning (13410): Pin "LEDG[1]" is stuck at GND File: C:/workspace/waching_machine/fpga/Toplevel_C5G_GPIO/Toplevel_C5G_GPIO.sv Line: 16
    Warning (13410): Pin "LEDG[2]" is stuck at GND File: C:/workspace/waching_machine/fpga/Toplevel_C5G_GPIO/Toplevel_C5G_GPIO.sv Line: 16
    Warning (13410): Pin "LEDG[3]" is stuck at GND File: C:/workspace/waching_machine/fpga/Toplevel_C5G_GPIO/Toplevel_C5G_GPIO.sv Line: 16
    Warning (13410): Pin "LEDG[4]" is stuck at GND File: C:/workspace/waching_machine/fpga/Toplevel_C5G_GPIO/Toplevel_C5G_GPIO.sv Line: 16
    Warning (13410): Pin "LEDG[5]" is stuck at GND File: C:/workspace/waching_machine/fpga/Toplevel_C5G_GPIO/Toplevel_C5G_GPIO.sv Line: 16
    Warning (13410): Pin "LEDG[6]" is stuck at GND File: C:/workspace/waching_machine/fpga/Toplevel_C5G_GPIO/Toplevel_C5G_GPIO.sv Line: 16
    Warning (13410): Pin "LEDG[7]" is stuck at GND File: C:/workspace/waching_machine/fpga/Toplevel_C5G_GPIO/Toplevel_C5G_GPIO.sv Line: 16
    Warning (13410): Pin "LEDR[6]" is stuck at GND File: C:/workspace/waching_machine/fpga/Toplevel_C5G_GPIO/Toplevel_C5G_GPIO.sv Line: 17
    Warning (13410): Pin "LEDR[7]" is stuck at GND File: C:/workspace/waching_machine/fpga/Toplevel_C5G_GPIO/Toplevel_C5G_GPIO.sv Line: 17
    Warning (13410): Pin "LEDR[8]" is stuck at GND File: C:/workspace/waching_machine/fpga/Toplevel_C5G_GPIO/Toplevel_C5G_GPIO.sv Line: 17
    Warning (13410): Pin "LEDR[9]" is stuck at GND File: C:/workspace/waching_machine/fpga/Toplevel_C5G_GPIO/Toplevel_C5G_GPIO.sv Line: 17
    Warning (13410): Pin "HEX0[0]" is stuck at GND File: C:/workspace/waching_machine/fpga/Toplevel_C5G_GPIO/Toplevel_C5G_GPIO.sv Line: 27
    Warning (13410): Pin "HEX0[1]" is stuck at GND File: C:/workspace/waching_machine/fpga/Toplevel_C5G_GPIO/Toplevel_C5G_GPIO.sv Line: 27
    Warning (13410): Pin "HEX0[2]" is stuck at GND File: C:/workspace/waching_machine/fpga/Toplevel_C5G_GPIO/Toplevel_C5G_GPIO.sv Line: 27
    Warning (13410): Pin "HEX0[3]" is stuck at GND File: C:/workspace/waching_machine/fpga/Toplevel_C5G_GPIO/Toplevel_C5G_GPIO.sv Line: 27
    Warning (13410): Pin "HEX0[4]" is stuck at GND File: C:/workspace/waching_machine/fpga/Toplevel_C5G_GPIO/Toplevel_C5G_GPIO.sv Line: 27
    Warning (13410): Pin "HEX0[5]" is stuck at GND File: C:/workspace/waching_machine/fpga/Toplevel_C5G_GPIO/Toplevel_C5G_GPIO.sv Line: 27
    Warning (13410): Pin "HEX0[6]" is stuck at GND File: C:/workspace/waching_machine/fpga/Toplevel_C5G_GPIO/Toplevel_C5G_GPIO.sv Line: 27
    Warning (13410): Pin "HEX1[0]" is stuck at GND File: C:/workspace/waching_machine/fpga/Toplevel_C5G_GPIO/Toplevel_C5G_GPIO.sv Line: 28
    Warning (13410): Pin "HEX1[1]" is stuck at GND File: C:/workspace/waching_machine/fpga/Toplevel_C5G_GPIO/Toplevel_C5G_GPIO.sv Line: 28
    Warning (13410): Pin "HEX1[2]" is stuck at GND File: C:/workspace/waching_machine/fpga/Toplevel_C5G_GPIO/Toplevel_C5G_GPIO.sv Line: 28
    Warning (13410): Pin "HEX1[3]" is stuck at GND File: C:/workspace/waching_machine/fpga/Toplevel_C5G_GPIO/Toplevel_C5G_GPIO.sv Line: 28
    Warning (13410): Pin "HEX1[4]" is stuck at GND File: C:/workspace/waching_machine/fpga/Toplevel_C5G_GPIO/Toplevel_C5G_GPIO.sv Line: 28
    Warning (13410): Pin "HEX1[5]" is stuck at GND File: C:/workspace/waching_machine/fpga/Toplevel_C5G_GPIO/Toplevel_C5G_GPIO.sv Line: 28
    Warning (13410): Pin "HEX1[6]" is stuck at GND File: C:/workspace/waching_machine/fpga/Toplevel_C5G_GPIO/Toplevel_C5G_GPIO.sv Line: 28
Info (286030): Timing-Driven Synthesis is running
Info (17049): 3 registers lost all their fanouts during netlist optimizations.
Info (144001): Generated suppressed messages file C:/workspace/waching_machine/fpga/Toplevel_C5G_GPIO/Toplevel_C5G_GPIO.map.smsg
Info (16010): Generating hard_block partition "hard_block:auto_generated_inst"
    Info (16011): Adding 0 node(s), including 0 DDIO, 0 PLL, 0 transceiver and 0 LCELL
Warning (21074): Design contains 13 input pin(s) that do not drive logic
    Warning (15610): No output dependent on input pin "CLOCK_125_p" File: C:/workspace/waching_machine/fpga/Toplevel_C5G_GPIO/Toplevel_C5G_GPIO.sv Line: 9
    Warning (15610): No output dependent on input pin "CLOCK_50_B6A" File: C:/workspace/waching_machine/fpga/Toplevel_C5G_GPIO/Toplevel_C5G_GPIO.sv Line: 11
    Warning (15610): No output dependent on input pin "CLOCK_50_B7A" File: C:/workspace/waching_machine/fpga/Toplevel_C5G_GPIO/Toplevel_C5G_GPIO.sv Line: 12
    Warning (15610): No output dependent on input pin "CLOCK_50_B8A" File: C:/workspace/waching_machine/fpga/Toplevel_C5G_GPIO/Toplevel_C5G_GPIO.sv Line: 13
    Warning (15610): No output dependent on input pin "KEY[0]" File: C:/workspace/waching_machine/fpga/Toplevel_C5G_GPIO/Toplevel_C5G_GPIO.sv Line: 21
    Warning (15610): No output dependent on input pin "KEY[1]" File: C:/workspace/waching_machine/fpga/Toplevel_C5G_GPIO/Toplevel_C5G_GPIO.sv Line: 21
    Warning (15610): No output dependent on input pin "KEY[2]" File: C:/workspace/waching_machine/fpga/Toplevel_C5G_GPIO/Toplevel_C5G_GPIO.sv Line: 21
    Warning (15610): No output dependent on input pin "KEY[3]" File: C:/workspace/waching_machine/fpga/Toplevel_C5G_GPIO/Toplevel_C5G_GPIO.sv Line: 21
    Warning (15610): No output dependent on input pin "SW[5]" File: C:/workspace/waching_machine/fpga/Toplevel_C5G_GPIO/Toplevel_C5G_GPIO.sv Line: 24
    Warning (15610): No output dependent on input pin "SW[6]" File: C:/workspace/waching_machine/fpga/Toplevel_C5G_GPIO/Toplevel_C5G_GPIO.sv Line: 24
    Warning (15610): No output dependent on input pin "SW[7]" File: C:/workspace/waching_machine/fpga/Toplevel_C5G_GPIO/Toplevel_C5G_GPIO.sv Line: 24
    Warning (15610): No output dependent on input pin "SW[8]" File: C:/workspace/waching_machine/fpga/Toplevel_C5G_GPIO/Toplevel_C5G_GPIO.sv Line: 24
    Warning (15610): No output dependent on input pin "SW[9]" File: C:/workspace/waching_machine/fpga/Toplevel_C5G_GPIO/Toplevel_C5G_GPIO.sv Line: 24
Info (21057): Implemented 99 device resources after synthesis - the final resource count might be different
    Info (21058): Implemented 20 input pins
    Info (21059): Implemented 32 output pins
    Info (21060): Implemented 36 bidirectional pins
    Info (21061): Implemented 11 logic cells
Info: Quartus Prime Analysis & Synthesis was successful. 0 errors, 83 warnings
    Info: Peak virtual memory: 717 megabytes
    Info: Processing ended: Thu Dec 21 16:59:29 2017
    Info: Elapsed time: 00:00:09
    Info: Total CPU time (on all processors): 00:00:19


+------------------------------------------+
; Analysis & Synthesis Suppressed Messages ;
+------------------------------------------+
The suppressed messages can be found in C:/workspace/waching_machine/fpga/Toplevel_C5G_GPIO/Toplevel_C5G_GPIO.map.smsg.


